Сборка начата 02.03.2015 18:50:21.
     1>Проект "C:\Users\xxx\Desktop\Новая папка\sd\sd\sd.vcxproj" в узле 2 (целевые объекты build).
     1>InitializeBuildStatus:
         Создание "Debug\sd.unsuccessfulbuild", так как было задано "AlwaysCreate".
       ClCompile:
         c:\Program Files\Microsoft Visual Studio 10.0\VC\bin\CL.exe /c /ZI /nologo /W3 /WX- /Od /Oy- /D _MBCS /Gm /EHsc /RTC1 /MDd /GS /fp:precise /Zc:wchar_t /Zc:forScope /Fo"Debug\\" /Fd"Debug\vc100.pdb" /Gd /TP /analyze- /errorReport:prompt sd.cpp
         sd.cpp
     1>c:\users\xxx\desktop\новая папка\sd\sd\sd.cpp(8): warning C4996: 'scanf': This function or variable may be unsafe. Consider using scanf_s instead. To disable deprecation, use _CRT_SECURE_NO_WARNINGS. See online help for details.
                 c:\program files\microsoft visual studio 10.0\vc\include\stdio.h(304): см. объявление "scanf"
     1>c:\users\xxx\desktop\новая папка\sd\sd\sd.cpp(12): warning C4996: 'scanf': This function or variable may be unsafe. Consider using scanf_s instead. To disable deprecation, use _CRT_SECURE_NO_WARNINGS. See online help for details.
                 c:\program files\microsoft visual studio 10.0\vc\include\stdio.h(304): см. объявление "scanf"
       Link:
         c:\Program Files\Microsoft Visual Studio 10.0\VC\bin\link.exe /ERRORREPORT:PROMPT /OUT:"C:\Users\xxx\Desktop\Новая папка\sd\Debug\sd.exe" /NOLOGO kernel32.lib user32.lib gdi32.lib winspool.lib comdlg32.lib advapi32.lib shell32.lib ole32.lib oleaut32.lib uuid.lib odbc32.lib odbccp32.lib /MANIFEST /ManifestFile:"Debug\sd.exe.intermediate.manifest" /MANIFESTUAC:"level='asInvoker' uiAccess='false'" /DEBUG /PDB:"C:\Users\xxx\Desktop\Новая папка\sd\Debug\sd.pdb" /TLBID:1 /DYNAMICBASE /NXCOMPAT /IMPLIB:"C:\Users\xxx\Desktop\Новая папка\sd\Debug\sd.lib" /MACHINE:X86 Debug\sd.obj
         LINK : не найден или не выполнена сборка C:\Users\xxx\Desktop\Новая папка\sd\Debug\sd.exe при последней инкрементной компоновке; выполняется полная компоновка
         sd.vcxproj -> C:\Users\xxx\Desktop\Новая папка\sd\Debug\sd.exe
       Manifest:
         c:\Program Files\Microsoft SDKs\Windows\v7.0A\bin\mt.exe /nologo /verbose /outputresource:"C:\Users\xxx\Desktop\Новая папка\sd\Debug\sd.exe;#1" /manifest Debug\sd.exe.intermediate.manifest
       FinalizeBuildStatus:
         Файл "Debug\sd.unsuccessfulbuild" удаляется.
         Обращение к "Debug\sd.lastbuildstate".
     1>Построение проекта "C:\Users\xxx\Desktop\Новая папка\sd\sd\sd.vcxproj" завершено (целевые объекты build).

Построение успешно завершено.

Затраченное время: 00:00:05.58
